{"meta":{},"level":"info","message":"HTTP (200) - GET: /users, params: {}, body: {}","timestamp":"2020-10-28T11:48:55.830Z"}
{"meta":{},"level":"info","message":"HTTP (200) - POST: /users, params: {}, body: {\"name\":\"TEST_USER\",\"login\":\"test_user\",\"password\":\"T35t_P@55w0rd\"}","timestamp":"2020-10-28T11:48:56.077Z"}
{"meta":{},"level":"info","message":"HTTP (200) - GET: /users/82b38bc7-5935-4824-9eb5-70e5bb144915, params: {}, body: {}","timestamp":"2020-10-28T11:48:56.158Z"}
{"meta":{},"level":"info","message":"HTTP (204) - DELETE: /users/82b38bc7-5935-4824-9eb5-70e5bb144915, params: {}, body: {}","timestamp":"2020-10-28T11:48:56.401Z"}
{"meta":{},"level":"info","message":"HTTP (200) - POST: /users, params: {}, body: {\"name\":\"TEST_USER\",\"login\":\"test_user\",\"password\":\"T35t_P@55w0rd\"}","timestamp":"2020-10-28T11:48:56.599Z"}
{"meta":{},"level":"info","message":"HTTP (204) - DELETE: /users/3c05ffd5-e5b6-48ae-b1d6-646f59a7f48c, params: {}, body: {}","timestamp":"2020-10-28T11:48:56.823Z"}
{"meta":{},"level":"info","message":"HTTP (200) - POST: /users, params: {}, body: {\"name\":\"TEST_USER\",\"login\":\"test_user\",\"password\":\"T35t_P@55w0rd\"}","timestamp":"2020-10-28T11:48:57.012Z"}
{"meta":{},"level":"info","message":"HTTP (200) - PUT: /users/8a7dbd09-503b-41d1-940a-b4777d684d08, params: {}, body: {\"name\":\"Autotest updated TEST_USER\",\"login\":\"test_user\",\"password\":\"T35t_P@55w0rd\",\"id\":\"8a7dbd09-503b-41d1-940a-b4777d684d08\"}","timestamp":"2020-10-28T11:48:57.258Z"}
{"meta":{},"level":"info","message":"HTTP (200) - GET: /users/8a7dbd09-503b-41d1-940a-b4777d684d08, params: {}, body: {}","timestamp":"2020-10-28T11:48:57.327Z"}
{"meta":{},"level":"info","message":"HTTP (204) - DELETE: /users/8a7dbd09-503b-41d1-940a-b4777d684d08, params: {}, body: {}","timestamp":"2020-10-28T11:48:57.576Z"}
{"meta":{},"level":"info","message":"HTTP (200) - POST: /users, params: {}, body: {\"name\":\"TEST_USER\",\"login\":\"test_user\",\"password\":\"T35t_P@55w0rd\"}","timestamp":"2020-10-28T11:48:57.792Z"}
{"meta":{},"level":"info","message":"HTTP (204) - DELETE: /users/5223b738-f5dd-46ca-825a-3e13d4ef769a, params: {}, body: {}","timestamp":"2020-10-28T11:48:58.005Z"}
{"meta":{},"level":"info","message":"HTTP (200) - POST: /users, params: {}, body: {\"name\":\"TEST_USER\",\"login\":\"test_user\",\"password\":\"T35t_P@55w0rd\"}","timestamp":"2020-10-28T11:48:58.206Z"}
{"meta":{},"level":"info","message":"HTTP (200) - POST: /boards, params: {}, body: {\"title\":\"Autotest board\",\"columns\":[{\"title\":\"Backlog\",\"order\":1},{\"title\":\"Sprint\",\"order\":2}]}","timestamp":"2020-10-28T11:48:58.485Z"}
{"meta":{},"level":"info","message":"HTTP (200) - POST: /boards/92a893a0-23fa-4bb1-a73c-5d3b001fcfb6/tasks, params: {}, body: {\"title\":\"Task #2\",\"order\":2,\"description\":\"Lorem ipsum\",\"userId\":\"2e5a9918-16e4-4c84-be26-2908b77aca5d\",\"boardId\":\"92a893a0-23fa-4bb1-a73c-5d3b001fcfb6\"}","timestamp":"2020-10-28T11:48:58.568Z"}
{"meta":{},"level":"info","message":"HTTP (200) - POST: /boards/92a893a0-23fa-4bb1-a73c-5d3b001fcfb6/tasks, params: {}, body: {\"title\":\"Task #1\",\"order\":1,\"description\":\"Lorem ipsum\",\"userId\":\"2e5a9918-16e4-4c84-be26-2908b77aca5d\",\"boardId\":\"92a893a0-23fa-4bb1-a73c-5d3b001fcfb6\"}","timestamp":"2020-10-28T11:48:58.655Z"}
{"meta":{},"level":"info","message":"HTTP (204) - DELETE: /users/2e5a9918-16e4-4c84-be26-2908b77aca5d, params: {}, body: {}","timestamp":"2020-10-28T11:48:58.886Z"}
{"meta":{},"level":"info","message":"HTTP (200) - GET: /boards/92a893a0-23fa-4bb1-a73c-5d3b001fcfb6/tasks/15df707a-a543-4ad5-8bbc-758a72335469, params: {}, body: {}","timestamp":"2020-10-28T11:48:58.962Z"}
{"meta":{},"level":"info","message":"HTTP (200) - GET: /boards/92a893a0-23fa-4bb1-a73c-5d3b001fcfb6/tasks/d896c03f-7241-4117-af53-3558c2055d6c, params: {}, body: {}","timestamp":"2020-10-28T11:48:59.036Z"}
{"meta":{},"level":"info","message":"HTTP (204) - DELETE: /boards/92a893a0-23fa-4bb1-a73c-5d3b001fcfb6/tasks/d896c03f-7241-4117-af53-3558c2055d6c, params: {}, body: {}","timestamp":"2020-10-28T11:48:59.046Z"}
{"meta":{},"level":"info","message":"HTTP (204) - DELETE: /boards/92a893a0-23fa-4bb1-a73c-5d3b001fcfb6/tasks/15df707a-a543-4ad5-8bbc-758a72335469, params: {}, body: {}","timestamp":"2020-10-28T11:48:59.049Z"}
{"meta":{},"level":"info","message":"HTTP (204) - DELETE: /boards/92a893a0-23fa-4bb1-a73c-5d3b001fcfb6, params: {}, body: {}","timestamp":"2020-10-28T11:48:59.344Z"}
{"meta":{},"level":"info","message":"HTTP (200) - POST: /boards, params: {}, body: {\"title\":\"Autotest board\",\"columns\":[{\"title\":\"Backlog\",\"order\":1},{\"title\":\"Sprint\",\"order\":2}]}","timestamp":"2020-10-28T11:48:59.703Z"}
{"meta":{},"level":"info","message":"HTTP (200) - GET: /boards, params: {}, body: {}","timestamp":"2020-10-28T11:48:59.853Z"}
{"meta":{},"level":"info","message":"HTTP (200) - GET: /boards, params: {}, body: {}","timestamp":"2020-10-28T11:49:00.012Z"}
{"meta":{},"level":"info","message":"HTTP (200) - GET: /boards/4f7b6fa9-f059-49c0-af96-1f0e472cef6e, params: {}, body: {}","timestamp":"2020-10-28T11:49:00.158Z"}
{"meta":{},"level":"info","message":"HTTP (200) - POST: /boards, params: {}, body: {\"title\":\"Autotest board\",\"columns\":[{\"title\":\"Backlog\",\"order\":1},{\"title\":\"Sprint\",\"order\":2}]}","timestamp":"2020-10-28T11:49:00.257Z"}
{"meta":{},"level":"info","message":"HTTP (204) - DELETE: /boards/f9afe096-cb54-4254-80e6-5520e992a61a, params: {}, body: {}","timestamp":"2020-10-28T11:49:00.555Z"}
{"meta":{},"level":"info","message":"HTTP (200) - POST: /boards, params: {}, body: {\"title\":\"Autotest board\",\"columns\":[{\"title\":\"Backlog\",\"order\":1},{\"title\":\"Sprint\",\"order\":2}]}","timestamp":"2020-10-28T11:49:00.652Z"}
{"meta":{},"level":"info","message":"HTTP (200) - PUT: /boards/dcec3c66-004c-4c7e-8c23-5dab8118374d, params: {}, body: {\"title\":\"Autotest updated board\",\"columns\":[{\"title\":\"Backlog\",\"order\":1,\"boardId\":\"dcec3c66-004c-4c7e-8c23-5dab8118374d\",\"id\":\"929fbbe6-8119-41b9-9301-fc7395ff27f7\"},{\"title\":\"Sprint\",\"order\":2,\"boardId\":\"dcec3c66-004c-4c7e-8c23-5dab8118374d\",\"id\":\"5e9a92ee-87a0-4832-ab54-309a318f8c55\"}],\"id\":\"dcec3c66-004c-4c7e-8c23-5dab8118374d\"}","timestamp":"2020-10-28T11:49:00.876Z"}
{"meta":{},"level":"info","message":"HTTP (200) - GET: /boards/dcec3c66-004c-4c7e-8c23-5dab8118374d, params: {}, body: {}","timestamp":"2020-10-28T11:49:01.027Z"}
{"meta":{},"level":"info","message":"HTTP (204) - DELETE: /boards/dcec3c66-004c-4c7e-8c23-5dab8118374d, params: {}, body: {}","timestamp":"2020-10-28T11:49:01.375Z"}
{"meta":{},"level":"info","message":"HTTP (200) - POST: /boards, params: {}, body: {\"title\":\"Autotest board\",\"columns\":[{\"title\":\"Backlog\",\"order\":1},{\"title\":\"Sprint\",\"order\":2}]}","timestamp":"2020-10-28T11:49:01.466Z"}
{"meta":{},"level":"info","message":"HTTP (204) - DELETE: /boards/6cc952b6-8747-47d5-a179-ef35840faa66, params: {}, body: {}","timestamp":"2020-10-28T11:49:01.772Z"}
{"meta":{},"level":"warn","message":"HTTP (404) - GET: /boards/6cc952b6-8747-47d5-a179-ef35840faa66, params: {}, body: {}","timestamp":"2020-10-28T11:49:01.860Z"}
{"meta":{},"level":"info","message":"HTTP (200) - POST: /boards, params: {}, body: {\"title\":\"Autotest board\",\"columns\":[{\"title\":\"Backlog\",\"order\":1},{\"title\":\"Sprint\",\"order\":2}]}","timestamp":"2020-10-28T11:49:01.986Z"}
{"meta":{},"level":"info","message":"HTTP (200) - POST: /boards/a18fd61d-321e-4ca9-bde3-b344d409de38/tasks, params: {}, body: {\"title\":\"Task #1\",\"order\":1,\"description\":\"Lorem ipsum\",\"boardId\":\"a18fd61d-321e-4ca9-bde3-b344d409de38\",\"userId\":null,\"columnId\":null}","timestamp":"2020-10-28T11:49:02.096Z"}
{"meta":{},"level":"info","message":"HTTP (200) - POST: /boards/a18fd61d-321e-4ca9-bde3-b344d409de38/tasks, params: {}, body: {\"title\":\"Task #3\",\"order\":3,\"description\":\"Lorem ipsum\",\"boardId\":\"a18fd61d-321e-4ca9-bde3-b344d409de38\",\"userId\":null,\"columnId\":null}","timestamp":"2020-10-28T11:49:02.098Z"}
{"meta":{},"level":"info","message":"HTTP (200) - POST: /boards/a18fd61d-321e-4ca9-bde3-b344d409de38/tasks, params: {}, body: {\"title\":\"Task #2\",\"order\":2,\"description\":\"Lorem ipsum\",\"boardId\":\"a18fd61d-321e-4ca9-bde3-b344d409de38\",\"userId\":null,\"columnId\":null}","timestamp":"2020-10-28T11:49:02.103Z"}
{"meta":{},"level":"info","message":"HTTP (200) - POST: /boards/a18fd61d-321e-4ca9-bde3-b344d409de38/tasks, params: {}, body: {\"title\":\"Task #4\",\"order\":4,\"description\":\"Lorem ipsum\",\"boardId\":\"a18fd61d-321e-4ca9-bde3-b344d409de38\",\"userId\":null,\"columnId\":null}","timestamp":"2020-10-28T11:49:02.106Z"}
{"meta":{},"level":"info","message":"HTTP (200) - POST: /boards/a18fd61d-321e-4ca9-bde3-b344d409de38/tasks, params: {}, body: {\"title\":\"Task #5\",\"order\":5,\"description\":\"Lorem ipsum\",\"boardId\":\"a18fd61d-321e-4ca9-bde3-b344d409de38\",\"userId\":null,\"columnId\":null}","timestamp":"2020-10-28T11:49:02.178Z"}
{"meta":{},"level":"info","message":"HTTP (200) - GET: /boards/a18fd61d-321e-4ca9-bde3-b344d409de38/tasks/16c3548c-87a2-4db4-892f-012217c3ff5c, params: {}, body: {}","timestamp":"2020-10-28T11:49:02.265Z"}
{"meta":{},"level":"info","message":"HTTP (200) - GET: /boards/a18fd61d-321e-4ca9-bde3-b344d409de38/tasks/52ee1246-7707-42b7-840b-6fddbfdd2873, params: {}, body: {}","timestamp":"2020-10-28T11:49:02.271Z"}
{"meta":{},"level":"info","message":"HTTP (200) - GET: /boards/a18fd61d-321e-4ca9-bde3-b344d409de38/tasks/dafba786-1413-4103-891c-4203950b14c7, params: {}, body: {}","timestamp":"2020-10-28T11:49:02.275Z"}
{"meta":{},"level":"info","message":"HTTP (200) - GET: /boards/a18fd61d-321e-4ca9-bde3-b344d409de38/tasks/63bec36f-a921-4b2e-aec8-6395251d85f6, params: {}, body: {}","timestamp":"2020-10-28T11:49:02.278Z"}
{"meta":{},"level":"info","message":"HTTP (200) - GET: /boards/a18fd61d-321e-4ca9-bde3-b344d409de38/tasks/99a16ec0-6e1e-4a93-bd1e-f654cf248222, params: {}, body: {}","timestamp":"2020-10-28T11:49:02.337Z"}
{"meta":{},"level":"info","message":"HTTP (204) - DELETE: /boards/a18fd61d-321e-4ca9-bde3-b344d409de38, params: {}, body: {}","timestamp":"2020-10-28T11:49:02.638Z"}
{"meta":{},"level":"warn","message":"HTTP (404) - GET: /boards/a18fd61d-321e-4ca9-bde3-b344d409de38/tasks/16c3548c-87a2-4db4-892f-012217c3ff5c, params: {}, body: {}","timestamp":"2020-10-28T11:49:02.730Z"}
{"meta":{},"level":"warn","message":"HTTP (404) - GET: /boards/a18fd61d-321e-4ca9-bde3-b344d409de38/tasks/63bec36f-a921-4b2e-aec8-6395251d85f6, params: {}, body: {}","timestamp":"2020-10-28T11:49:02.733Z"}
{"meta":{},"level":"warn","message":"HTTP (404) - GET: /boards/a18fd61d-321e-4ca9-bde3-b344d409de38/tasks/52ee1246-7707-42b7-840b-6fddbfdd2873, params: {}, body: {}","timestamp":"2020-10-28T11:49:02.735Z"}
{"meta":{},"level":"warn","message":"HTTP (404) - GET: /boards/a18fd61d-321e-4ca9-bde3-b344d409de38/tasks/99a16ec0-6e1e-4a93-bd1e-f654cf248222, params: {}, body: {}","timestamp":"2020-10-28T11:49:02.738Z"}
{"meta":{},"level":"warn","message":"HTTP (404) - GET: /boards/a18fd61d-321e-4ca9-bde3-b344d409de38/tasks/dafba786-1413-4103-891c-4203950b14c7, params: {}, body: {}","timestamp":"2020-10-28T11:49:02.742Z"}
{"meta":{},"level":"info","message":"HTTP (204) - DELETE: /boards/4f7b6fa9-f059-49c0-af96-1f0e472cef6e, params: {}, body: {}","timestamp":"2020-10-28T11:49:03.028Z"}
{"meta":{},"level":"info","message":"HTTP (200) - POST: /boards, params: {}, body: {\"title\":\"Autotest board\",\"columns\":[{\"title\":\"Backlog\",\"order\":1},{\"title\":\"Sprint\",\"order\":2}]}","timestamp":"2020-10-28T11:49:03.419Z"}
{"meta":{},"level":"info","message":"HTTP (200) - POST: /boards/d700bc84-4c2b-4aec-aaed-7120631dc330/tasks, params: {}, body: {\"title\":\"Autotest task\",\"order\":0,\"description\":\"Lorem ipsum\",\"userId\":null,\"boardId\":null,\"columnId\":null}","timestamp":"2020-10-28T11:49:03.495Z"}
{"meta":{},"level":"info","message":"HTTP (200) - GET: /boards/d700bc84-4c2b-4aec-aaed-7120631dc330/tasks, params: {}, body: {}","timestamp":"2020-10-28T11:49:03.590Z"}
{"meta":{},"level":"info","message":"HTTP (200) - GET: /boards/d700bc84-4c2b-4aec-aaed-7120631dc330/tasks, params: {}, body: {}","timestamp":"2020-10-28T11:49:03.683Z"}
{"meta":{},"level":"info","message":"HTTP (200) - GET: /boards/d700bc84-4c2b-4aec-aaed-7120631dc330/tasks/c4665986-bb2a-4d11-9cfc-ecd7bbcdb3e0, params: {}, body: {}","timestamp":"2020-10-28T11:49:03.753Z"}
{"meta":{},"level":"info","message":"HTTP (200) - POST: /boards/d700bc84-4c2b-4aec-aaed-7120631dc330/tasks, params: {}, body: {\"title\":\"Autotest task\",\"order\":0,\"description\":\"Lorem ipsum\",\"userId\":null,\"boardId\":null,\"columnId\":null}","timestamp":"2020-10-28T11:49:03.853Z"}
{"meta":{},"level":"info","message":"HTTP (204) - DELETE: /boards/d700bc84-4c2b-4aec-aaed-7120631dc330/tasks/69ba9148-ce92-4ba1-8da9-2dc6f91d24c8, params: {}, body: {}","timestamp":"2020-10-28T11:49:03.859Z"}
{"meta":{},"level":"info","message":"HTTP (200) - POST: /boards/d700bc84-4c2b-4aec-aaed-7120631dc330/tasks, params: {}, body: {\"title\":\"Autotest task\",\"order\":0,\"description\":\"Lorem ipsum\",\"userId\":null,\"boardId\":null,\"columnId\":null}","timestamp":"2020-10-28T11:49:03.988Z"}
{"meta":{},"level":"info","message":"HTTP (200) - PUT: /boards/d700bc84-4c2b-4aec-aaed-7120631dc330/tasks/35b0484f-7a5f-4bfb-bae5-aa08bf70b6be, params: {}, body: {\"title\":\"Autotest updated task\",\"description\":\"Lorem ipsum\",\"order\":0,\"userId\":null,\"boardId\":\"d700bc84-4c2b-4aec-aaed-7120631dc330\",\"columnId\":null,\"id\":\"35b0484f-7a5f-4bfb-bae5-aa08bf70b6be\"}","timestamp":"2020-10-28T11:49:04.013Z"}
{"meta":{},"level":"info","message":"HTTP (200) - GET: /boards/d700bc84-4c2b-4aec-aaed-7120631dc330/tasks/35b0484f-7a5f-4bfb-bae5-aa08bf70b6be, params: {}, body: {}","timestamp":"2020-10-28T11:49:04.089Z"}
{"meta":{},"level":"info","message":"HTTP (200) - GET: /boards/d700bc84-4c2b-4aec-aaed-7120631dc330/tasks/c4665986-bb2a-4d11-9cfc-ecd7bbcdb3e0, params: {}, body: {}","timestamp":"2020-10-28T11:49:04.173Z"}
{"meta":{},"level":"info","message":"HTTP (204) - DELETE: /boards/d700bc84-4c2b-4aec-aaed-7120631dc330/tasks/c4665986-bb2a-4d11-9cfc-ecd7bbcdb3e0, params: {}, body: {}","timestamp":"2020-10-28T11:49:04.178Z"}
{"meta":{},"level":"warn","message":"HTTP (404) - GET: /boards/d700bc84-4c2b-4aec-aaed-7120631dc330/tasks/c4665986-bb2a-4d11-9cfc-ecd7bbcdb3e0, params: {}, body: {}","timestamp":"2020-10-28T11:49:04.252Z"}
{"meta":{},"level":"info","message":"HTTP (204) - DELETE: /boards/d700bc84-4c2b-4aec-aaed-7120631dc330, params: {}, body: {}","timestamp":"2020-10-28T11:49:04.569Z"}
{"meta":{},"level":"info","message":"HTTP (200) - POST: /boards, params: {}, body: {\"title\":\"Autotest board\",\"columns\":[{\"title\":\"Backlog\",\"order\":1},{\"title\":\"Sprint\",\"order\":2}]}","timestamp":"2020-10-28T11:56:15.072Z"}
{"meta":{},"level":"info","message":"HTTP (200) - POST: /boards/5c62e7ac-a0ae-423d-9098-6229fda6e059/tasks, params: {}, body: {\"title\":\"Autotest task\",\"order\":0,\"description\":\"Lorem ipsum\",\"userId\":null,\"boardId\":null,\"columnId\":null}","timestamp":"2020-10-28T11:56:15.166Z"}
{"meta":{},"level":"info","message":"HTTP (200) - GET: /boards/5c62e7ac-a0ae-423d-9098-6229fda6e059/tasks, params: {}, body: {}","timestamp":"2020-10-28T11:56:15.277Z"}
{"meta":{},"level":"info","message":"HTTP (200) - GET: /boards/5c62e7ac-a0ae-423d-9098-6229fda6e059/tasks, params: {}, body: {}","timestamp":"2020-10-28T11:56:15.406Z"}
{"meta":{},"level":"info","message":"HTTP (200) - GET: /boards/5c62e7ac-a0ae-423d-9098-6229fda6e059/tasks/a12f7407-40c4-4dcb-9a14-4cc5f45f177f, params: {}, body: {}","timestamp":"2020-10-28T11:56:15.501Z"}
{"meta":{},"level":"info","message":"HTTP (200) - POST: /boards/5c62e7ac-a0ae-423d-9098-6229fda6e059/tasks, params: {}, body: {\"title\":\"Autotest task\",\"order\":0,\"description\":\"Lorem ipsum\",\"userId\":null,\"boardId\":null,\"columnId\":null}","timestamp":"2020-10-28T11:56:15.580Z"}
{"meta":{},"level":"info","message":"HTTP (204) - DELETE: /boards/5c62e7ac-a0ae-423d-9098-6229fda6e059/tasks/33698dbe-5ba5-4c68-b57f-9b2cea823ec6, params: {}, body: {}","timestamp":"2020-10-28T11:56:15.589Z"}
{"meta":{},"level":"info","message":"HTTP (200) - POST: /boards/5c62e7ac-a0ae-423d-9098-6229fda6e059/tasks, params: {}, body: {\"title\":\"Autotest task\",\"order\":0,\"description\":\"Lorem ipsum\",\"userId\":null,\"boardId\":null,\"columnId\":null}","timestamp":"2020-10-28T11:56:15.682Z"}
{"meta":{},"level":"info","message":"HTTP (200) - PUT: /boards/5c62e7ac-a0ae-423d-9098-6229fda6e059/tasks/a5f33948-3e87-4b60-a960-175e1d9405c2, params: {}, body: {\"title\":\"Autotest updated task\",\"description\":\"Lorem ipsum\",\"order\":0,\"userId\":null,\"boardId\":\"5c62e7ac-a0ae-423d-9098-6229fda6e059\",\"columnId\":null,\"id\":\"a5f33948-3e87-4b60-a960-175e1d9405c2\"}","timestamp":"2020-10-28T11:56:15.694Z"}
{"meta":{},"level":"info","message":"HTTP (200) - GET: /boards/5c62e7ac-a0ae-423d-9098-6229fda6e059/tasks/a5f33948-3e87-4b60-a960-175e1d9405c2, params: {}, body: {}","timestamp":"2020-10-28T11:56:15.777Z"}
{"meta":{},"level":"info","message":"HTTP (200) - GET: /boards/5c62e7ac-a0ae-423d-9098-6229fda6e059/tasks/a12f7407-40c4-4dcb-9a14-4cc5f45f177f, params: {}, body: {}","timestamp":"2020-10-28T11:56:15.857Z"}
{"meta":{},"level":"info","message":"HTTP (204) - DELETE: /boards/5c62e7ac-a0ae-423d-9098-6229fda6e059/tasks/a12f7407-40c4-4dcb-9a14-4cc5f45f177f, params: {}, body: {}","timestamp":"2020-10-28T11:56:15.873Z"}
{"meta":{},"level":"warn","message":"HTTP (404) - GET: /boards/5c62e7ac-a0ae-423d-9098-6229fda6e059/tasks/a12f7407-40c4-4dcb-9a14-4cc5f45f177f, params: {}, body: {}","timestamp":"2020-10-28T11:56:15.956Z"}
{"meta":{},"level":"info","message":"HTTP (204) - DELETE: /boards/5c62e7ac-a0ae-423d-9098-6229fda6e059, params: {}, body: {}","timestamp":"2020-10-28T11:56:16.277Z"}
{"meta":{},"level":"info","message":"HTTP (200) - POST: /boards, params: {}, body: {\"title\":\"Autotest board\",\"columns\":[{\"title\":\"Backlog\",\"order\":1},{\"title\":\"Sprint\",\"order\":2}]}","timestamp":"2020-10-28T11:56:16.645Z"}
{"meta":{},"level":"info","message":"HTTP (200) - GET: /boards, params: {}, body: {}","timestamp":"2020-10-28T11:56:16.823Z"}
{"meta":{},"level":"info","message":"HTTP (200) - GET: /boards, params: {}, body: {}","timestamp":"2020-10-28T11:56:16.982Z"}
{"meta":{},"level":"info","message":"HTTP (200) - GET: /boards/0afe21c3-7ab0-4a55-9335-a25a8307a985, params: {}, body: {}","timestamp":"2020-10-28T11:56:17.129Z"}
{"meta":{},"level":"info","message":"HTTP (200) - POST: /boards, params: {}, body: {\"title\":\"Autotest board\",\"columns\":[{\"title\":\"Backlog\",\"order\":1},{\"title\":\"Sprint\",\"order\":2}]}","timestamp":"2020-10-28T11:56:17.224Z"}
{"meta":{},"level":"info","message":"HTTP (204) - DELETE: /boards/c26557dd-b055-48ea-8f27-68ea30998645, params: {}, body: {}","timestamp":"2020-10-28T11:56:17.537Z"}
{"meta":{},"level":"info","message":"HTTP (200) - POST: /boards, params: {}, body: {\"title\":\"Autotest board\",\"columns\":[{\"title\":\"Backlog\",\"order\":1},{\"title\":\"Sprint\",\"order\":2}]}","timestamp":"2020-10-28T11:56:17.649Z"}
{"meta":{},"level":"info","message":"HTTP (200) - PUT: /boards/7db353f0-5cb8-438c-8d04-bca171516bfd, params: {}, body: {\"title\":\"Autotest updated board\",\"columns\":[{\"title\":\"Backlog\",\"order\":1,\"boardId\":\"7db353f0-5cb8-438c-8d04-bca171516bfd\",\"id\":\"38f5dd3d-113e-4c01-b84a-2f7c0f807713\"},{\"title\":\"Sprint\",\"order\":2,\"boardId\":\"7db353f0-5cb8-438c-8d04-bca171516bfd\",\"id\":\"3cf941b1-2400-4454-8286-2faf5999787f\"}],\"id\":\"7db353f0-5cb8-438c-8d04-bca171516bfd\"}","timestamp":"2020-10-28T11:56:17.976Z"}
{"meta":{},"level":"info","message":"HTTP (200) - GET: /boards/7db353f0-5cb8-438c-8d04-bca171516bfd, params: {}, body: {}","timestamp":"2020-10-28T11:56:18.162Z"}
{"meta":{},"level":"info","message":"HTTP (204) - DELETE: /boards/7db353f0-5cb8-438c-8d04-bca171516bfd, params: {}, body: {}","timestamp":"2020-10-28T11:56:18.475Z"}
{"meta":{},"level":"info","message":"HTTP (200) - POST: /boards, params: {}, body: {\"title\":\"Autotest board\",\"columns\":[{\"title\":\"Backlog\",\"order\":1},{\"title\":\"Sprint\",\"order\":2}]}","timestamp":"2020-10-28T11:56:18.562Z"}
{"meta":{},"level":"info","message":"HTTP (204) - DELETE: /boards/0611cadf-7196-4cc3-a575-a2b3c5d6e207, params: {}, body: {}","timestamp":"2020-10-28T11:56:18.892Z"}
{"meta":{},"level":"warn","message":"HTTP (404) - GET: /boards/0611cadf-7196-4cc3-a575-a2b3c5d6e207, params: {}, body: {}","timestamp":"2020-10-28T11:56:18.975Z"}
{"meta":{},"level":"info","message":"HTTP (200) - POST: /boards, params: {}, body: {\"title\":\"Autotest board\",\"columns\":[{\"title\":\"Backlog\",\"order\":1},{\"title\":\"Sprint\",\"order\":2}]}","timestamp":"2020-10-28T11:56:19.074Z"}
{"meta":{},"level":"info","message":"HTTP (200) - POST: /boards/300e7d69-6ef5-47f1-8809-10ae02de8cdc/tasks, params: {}, body: {\"title\":\"Task #1\",\"order\":1,\"description\":\"Lorem ipsum\",\"boardId\":\"300e7d69-6ef5-47f1-8809-10ae02de8cdc\",\"userId\":null,\"columnId\":null}","timestamp":"2020-10-28T11:56:19.163Z"}
{"meta":{},"level":"info","message":"HTTP (200) - POST: /boards/300e7d69-6ef5-47f1-8809-10ae02de8cdc/tasks, params: {}, body: {\"title\":\"Task #2\",\"order\":2,\"description\":\"Lorem ipsum\",\"boardId\":\"300e7d69-6ef5-47f1-8809-10ae02de8cdc\",\"userId\":null,\"columnId\":null}","timestamp":"2020-10-28T11:56:19.171Z"}
{"meta":{},"level":"info","message":"HTTP (200) - POST: /boards/300e7d69-6ef5-47f1-8809-10ae02de8cdc/tasks, params: {}, body: {\"title\":\"Task #3\",\"order\":3,\"description\":\"Lorem ipsum\",\"boardId\":\"300e7d69-6ef5-47f1-8809-10ae02de8cdc\",\"userId\":null,\"columnId\":null}","timestamp":"2020-10-28T11:56:19.179Z"}
{"meta":{},"level":"info","message":"HTTP (200) - POST: /boards/300e7d69-6ef5-47f1-8809-10ae02de8cdc/tasks, params: {}, body: {\"title\":\"Task #4\",\"order\":4,\"description\":\"Lorem ipsum\",\"boardId\":\"300e7d69-6ef5-47f1-8809-10ae02de8cdc\",\"userId\":null,\"columnId\":null}","timestamp":"2020-10-28T11:56:19.262Z"}
{"meta":{},"level":"info","message":"HTTP (200) - POST: /boards/300e7d69-6ef5-47f1-8809-10ae02de8cdc/tasks, params: {}, body: {\"title\":\"Task #5\",\"order\":5,\"description\":\"Lorem ipsum\",\"boardId\":\"300e7d69-6ef5-47f1-8809-10ae02de8cdc\",\"userId\":null,\"columnId\":null}","timestamp":"2020-10-28T11:56:19.266Z"}
{"meta":{},"level":"info","message":"HTTP (200) - GET: /boards/300e7d69-6ef5-47f1-8809-10ae02de8cdc/tasks/5cf121dc-cb4c-4ae9-a3a6-d196b33b15c8, params: {}, body: {}","timestamp":"2020-10-28T11:56:19.370Z"}
{"meta":{},"level":"info","message":"HTTP (200) - GET: /boards/300e7d69-6ef5-47f1-8809-10ae02de8cdc/tasks/07b53bea-b994-4a9f-b741-2a0cb55c0e51, params: {}, body: {}","timestamp":"2020-10-28T11:56:19.374Z"}
{"meta":{},"level":"info","message":"HTTP (200) - GET: /boards/300e7d69-6ef5-47f1-8809-10ae02de8cdc/tasks/75df4e00-2c8a-48bb-9a17-d7c096e2d241, params: {}, body: {}","timestamp":"2020-10-28T11:56:19.377Z"}
{"meta":{},"level":"info","message":"HTTP (200) - GET: /boards/300e7d69-6ef5-47f1-8809-10ae02de8cdc/tasks/532c3082-a193-4615-acd9-af0ad09a421a, params: {}, body: {}","timestamp":"2020-10-28T11:56:19.459Z"}
{"meta":{},"level":"info","message":"HTTP (200) - GET: /boards/300e7d69-6ef5-47f1-8809-10ae02de8cdc/tasks/cad2f89f-2682-4b86-b19e-3349b41fe139, params: {}, body: {}","timestamp":"2020-10-28T11:56:19.466Z"}
{"meta":{},"level":"info","message":"HTTP (204) - DELETE: /boards/300e7d69-6ef5-47f1-8809-10ae02de8cdc, params: {}, body: {}","timestamp":"2020-10-28T11:56:19.835Z"}
{"meta":{},"level":"warn","message":"HTTP (404) - GET: /boards/300e7d69-6ef5-47f1-8809-10ae02de8cdc/tasks/5cf121dc-cb4c-4ae9-a3a6-d196b33b15c8, params: {}, body: {}","timestamp":"2020-10-28T11:56:19.927Z"}
{"meta":{},"level":"warn","message":"HTTP (404) - GET: /boards/300e7d69-6ef5-47f1-8809-10ae02de8cdc/tasks/cad2f89f-2682-4b86-b19e-3349b41fe139, params: {}, body: {}","timestamp":"2020-10-28T11:56:19.931Z"}
{"meta":{},"level":"warn","message":"HTTP (404) - GET: /boards/300e7d69-6ef5-47f1-8809-10ae02de8cdc/tasks/75df4e00-2c8a-48bb-9a17-d7c096e2d241, params: {}, body: {}","timestamp":"2020-10-28T11:56:19.936Z"}
{"meta":{},"level":"warn","message":"HTTP (404) - GET: /boards/300e7d69-6ef5-47f1-8809-10ae02de8cdc/tasks/07b53bea-b994-4a9f-b741-2a0cb55c0e51, params: {}, body: {}","timestamp":"2020-10-28T11:56:19.938Z"}
{"meta":{},"level":"warn","message":"HTTP (404) - GET: /boards/300e7d69-6ef5-47f1-8809-10ae02de8cdc/tasks/532c3082-a193-4615-acd9-af0ad09a421a, params: {}, body: {}","timestamp":"2020-10-28T11:56:19.941Z"}
{"meta":{},"level":"info","message":"HTTP (204) - DELETE: /boards/0afe21c3-7ab0-4a55-9335-a25a8307a985, params: {}, body: {}","timestamp":"2020-10-28T11:56:20.222Z"}
{"meta":{},"level":"info","message":"HTTP (200) - GET: /users, params: {}, body: {}","timestamp":"2020-10-28T11:56:20.614Z"}
{"meta":{},"level":"info","message":"HTTP (200) - POST: /users, params: {}, body: {\"name\":\"TEST_USER\",\"login\":\"test_user\",\"password\":\"T35t_P@55w0rd\"}","timestamp":"2020-10-28T11:56:20.847Z"}
{"meta":{},"level":"info","message":"HTTP (200) - GET: /users/1dd3f5b1-8bc4-4b8a-b18f-e9741163b5b0, params: {}, body: {}","timestamp":"2020-10-28T11:56:20.922Z"}
{"meta":{},"level":"info","message":"HTTP (204) - DELETE: /users/1dd3f5b1-8bc4-4b8a-b18f-e9741163b5b0, params: {}, body: {}","timestamp":"2020-10-28T11:56:21.170Z"}
{"meta":{},"level":"info","message":"HTTP (200) - POST: /users, params: {}, body: {\"name\":\"TEST_USER\",\"login\":\"test_user\",\"password\":\"T35t_P@55w0rd\"}","timestamp":"2020-10-28T11:56:21.384Z"}
{"meta":{},"level":"info","message":"HTTP (204) - DELETE: /users/7b636694-b45a-4d86-b7af-ccee402a2654, params: {}, body: {}","timestamp":"2020-10-28T11:56:21.631Z"}
{"meta":{},"level":"info","message":"HTTP (200) - POST: /users, params: {}, body: {\"name\":\"TEST_USER\",\"login\":\"test_user\",\"password\":\"T35t_P@55w0rd\"}","timestamp":"2020-10-28T11:56:21.833Z"}
{"meta":{},"level":"info","message":"HTTP (200) - PUT: /users/c881daa5-c2f7-4622-9f9c-c2a7e4653061, params: {}, body: {\"name\":\"Autotest updated TEST_USER\",\"login\":\"test_user\",\"password\":\"T35t_P@55w0rd\",\"id\":\"c881daa5-c2f7-4622-9f9c-c2a7e4653061\"}","timestamp":"2020-10-28T11:56:22.110Z"}
{"meta":{},"level":"info","message":"HTTP (200) - GET: /users/c881daa5-c2f7-4622-9f9c-c2a7e4653061, params: {}, body: {}","timestamp":"2020-10-28T11:56:22.188Z"}
{"meta":{},"level":"info","message":"HTTP (204) - DELETE: /users/c881daa5-c2f7-4622-9f9c-c2a7e4653061, params: {}, body: {}","timestamp":"2020-10-28T11:56:22.438Z"}
{"meta":{},"level":"info","message":"HTTP (200) - POST: /users, params: {}, body: {\"name\":\"TEST_USER\",\"login\":\"test_user\",\"password\":\"T35t_P@55w0rd\"}","timestamp":"2020-10-28T11:56:22.629Z"}
{"meta":{},"level":"info","message":"HTTP (204) - DELETE: /users/6fd61f2d-584a-4000-ab4f-39815bb74d72, params: {}, body: {}","timestamp":"2020-10-28T11:56:22.891Z"}
{"meta":{},"level":"info","message":"HTTP (200) - POST: /users, params: {}, body: {\"name\":\"TEST_USER\",\"login\":\"test_user\",\"password\":\"T35t_P@55w0rd\"}","timestamp":"2020-10-28T11:56:23.085Z"}
{"meta":{},"level":"info","message":"HTTP (200) - POST: /boards, params: {}, body: {\"title\":\"Autotest board\",\"columns\":[{\"title\":\"Backlog\",\"order\":1},{\"title\":\"Sprint\",\"order\":2}]}","timestamp":"2020-10-28T11:56:23.181Z"}
{"meta":{},"level":"info","message":"HTTP (200) - POST: /boards/f8d4d016-647d-447c-a5ca-1d7d63d47220/tasks, params: {}, body: {\"title\":\"Task #1\",\"order\":1,\"description\":\"Lorem ipsum\",\"userId\":\"39d2bb76-680d-4f4e-a7be-8238a816ad75\",\"boardId\":\"f8d4d016-647d-447c-a5ca-1d7d63d47220\"}","timestamp":"2020-10-28T11:56:23.287Z"}
{"meta":{},"level":"info","message":"HTTP (200) - POST: /boards/f8d4d016-647d-447c-a5ca-1d7d63d47220/tasks, params: {}, body: {\"title\":\"Task #2\",\"order\":2,\"description\":\"Lorem ipsum\",\"userId\":\"39d2bb76-680d-4f4e-a7be-8238a816ad75\",\"boardId\":\"f8d4d016-647d-447c-a5ca-1d7d63d47220\"}","timestamp":"2020-10-28T11:56:23.292Z"}
{"meta":{},"level":"info","message":"HTTP (204) - DELETE: /users/39d2bb76-680d-4f4e-a7be-8238a816ad75, params: {}, body: {}","timestamp":"2020-10-28T11:56:23.516Z"}
{"meta":{},"level":"info","message":"HTTP (200) - GET: /boards/f8d4d016-647d-447c-a5ca-1d7d63d47220/tasks/bb23e580-062a-4f07-b066-458998243440, params: {}, body: {}","timestamp":"2020-10-28T11:56:23.613Z"}
{"meta":{},"level":"info","message":"HTTP (200) - GET: /boards/f8d4d016-647d-447c-a5ca-1d7d63d47220/tasks/118f4e4e-1a2f-40f3-9928-b17206037eb0, params: {}, body: {}","timestamp":"2020-10-28T11:56:23.689Z"}
{"meta":{},"level":"info","message":"HTTP (204) - DELETE: /boards/f8d4d016-647d-447c-a5ca-1d7d63d47220/tasks/bb23e580-062a-4f07-b066-458998243440, params: {}, body: {}","timestamp":"2020-10-28T11:56:23.695Z"}
{"meta":{},"level":"info","message":"HTTP (204) - DELETE: /boards/f8d4d016-647d-447c-a5ca-1d7d63d47220/tasks/118f4e4e-1a2f-40f3-9928-b17206037eb0, params: {}, body: {}","timestamp":"2020-10-28T11:56:23.698Z"}
{"meta":{},"level":"info","message":"HTTP (204) - DELETE: /boards/f8d4d016-647d-447c-a5ca-1d7d63d47220, params: {}, body: {}","timestamp":"2020-10-28T11:56:23.996Z"}
